<?xml version="1.0" encoding="UTF-8"?>
<!-- Generated by org.testng.reporters.JUnitXMLReporter -->
<testsuite ignored="0" hostname="LAPTOP-03AME8OT" failures="0" tests="3" name="test2" time="0.01" errors="0" timestamp="2023-01-10T10:47:53 IST">
  <testcase classname="demoTestNG.test2.paymenttest" name="creditcardpayment" time="0.002"/>
  <testcase classname="demoTestNG.test2.paymenttest" name="netBanking" time="0.001"/>
  <testcase classname="demoTestNG.test2.paymenttest" name="upiPayment" time="0.001"/>
</testsuite> <!-- test2 -->
