<?xml version="1.0" encoding="UTF-8"?>
<testng-results ignored="0" total="2" passed="2" failed="0" skipped="0">
  <reporter-output>
  </reporter-output>
  <suite started-at="2023-01-12T11:12:08 IST" name="Parallel Testing Suite" finished-at="2023-01-12T11:12:08 IST" duration-ms="46">
    <groups>
      <group name="smoke">
        <method signature="HomeTest.addTocart()[pri:0, instance:demoTestNG.test.HomeTest@1725dc0f]" name="addTocart" class="demoTestNG.test.HomeTest"/>
      </group> <!-- smoke -->
      <group name="sanity">
        <method signature="HomeTest.addTocart()[pri:0, instance:demoTestNG.test.HomeTest@1725dc0f]" name="addTocart" class="demoTestNG.test.HomeTest"/>
      </group> <!-- sanity -->
    </groups>
    <test started-at="2023-01-12T11:12:08 IST" name="Parallel Tests" finished-at="2023-01-12T11:12:08 IST" duration-ms="46">
      <class name="demoTestNG.test.HomeTest">
        <test-method signature="verifysearchbar()[pri:0, instance:demoTestNG.test.HomeTest@1725dc0f]" started-at="2023-01-12T11:12:08 IST" name="verifysearchbar" finished-at="2023-01-12T11:12:08 IST" duration-ms="10" status="PASS">
          <reporter-output>
          </reporter-output>
        </test-method> <!-- verifysearchbar -->
        <test-method signature="addTocart()[pri:0, instance:demoTestNG.test.HomeTest@1725dc0f]" started-at="2023-01-12T11:12:08 IST" name="addTocart" finished-at="2023-01-12T11:12:08 IST" duration-ms="10" status="PASS">
          <reporter-output>
          </reporter-output>
        </test-method> <!-- addTocart -->
      </class> <!-- demoTestNG.test.HomeTest -->
    </test> <!-- Parallel Tests -->
  </suite> <!-- Parallel Testing Suite -->
</testng-results>
